<?xml version="1.0" encoding="UTF-8"?>
<testng-results skipped="0" failed="1" total="1" passed="0">
  <reporter-output>
  </reporter-output>
  <suite name="Default suite" duration-ms="11988" started-at="2014-11-04T10:13:33Z" finished-at="2014-11-04T10:13:45Z">
    <groups>
      <group name="Page_1A.SelectAge2">
        <method signature="demo.ActionOnAge2TextCheck()[pri:0, instance:com.ma.qa.selenium.demo@2d510b03]" name="ActionOnAge2TextCheck" class="com.ma.qa.selenium.demo"/>
      </group> <!-- Page_1A.SelectAge2 -->
    </groups>
    <test name="Default test" duration-ms="11988" started-at="2014-11-04T10:13:33Z" finished-at="2014-11-04T10:13:45Z">
      <class name="com.ma.qa.selenium.demo">
        <test-method status="PASS" signature="setup()[pri:0, instance:com.ma.qa.selenium.demo@2d510b03]" name="setup" is-config="true" duration-ms="8674" started-at="2014-11-04T18:13:33Z" finished-at="2014-11-04T18:13:42Z">
          <reporter-output>
          </reporter-output>
        </test-method> <!-- setup -->
        <test-method status="FAIL" signature="ActionOnAge2TextCheck()[pri:0, instance:com.ma.qa.selenium.demo@2d510b03]" name="ActionOnAge2TextCheck" duration-ms="3114" started-at="2014-11-04T18:13:42Z" finished-at="2014-11-04T18:13:45Z">
          <exception class="com.ma.qa.exception.NoSuchLocatorException">
            <message>
              <![CDATA[
************************************************************************************************
Locator: [1AQ3]
Locator file path: [locator/locatorInCht.yaml]
Reason: Locator is not exist in locator file.
************************************************************************************************]]>
            </message>
            <full-stacktrace>
              <![CDATA[com.ma.qa.exception.NoSuchLocatorException: 
************************************************************************************************
Locator: [1AQ3]
Locator file path: [locator/locatorInCht.yaml]
Reason: Locator is not exist in locator file.
************************************************************************************************
	at com.ma.qa.selenium.Get.getElement(Get.java:116)
	at com.ma.qa.selenium.Get.Locator(Get.java:48)
	at com.ma.qa.selenium.demo.ActionOnAge2TextCheck(demo.java:46)
	at sun.reflect.NativeMethodAccessorImpl.invoke0(Native Method)
	at sun.reflect.NativeMethodAccessorImpl.invoke(NativeMethodAccessorImpl.java:57)
	at sun.reflect.DelegatingMethodAccessorImpl.invoke(DelegatingMethodAccessorImpl.java:43)
	at java.lang.reflect.Method.invoke(Method.java:606)
	at org.testng.internal.MethodInvocationHelper.invokeMethod(MethodInvocationHelper.java:84)
	at org.testng.internal.Invoker.invokeMethod(Invoker.java:714)
	at org.testng.internal.Invoker.invokeTestMethod(Invoker.java:901)
	at org.testng.internal.Invoker.invokeTestMethods(Invoker.java:1231)
	at org.testng.internal.TestMethodWorker.invokeTestMethods(TestMethodWorker.java:127)
	at org.testng.internal.TestMethodWorker.run(TestMethodWorker.java:111)
	at org.testng.TestRunner.privateRun(TestRunner.java:767)
	at org.testng.TestRunner.run(TestRunner.java:617)
	at org.testng.SuiteRunner.runTest(SuiteRunner.java:334)
	at org.testng.SuiteRunner.runSequentially(SuiteRunner.java:329)
	at org.testng.SuiteRunner.privateRun(SuiteRunner.java:291)
	at org.testng.SuiteRunner.run(SuiteRunner.java:240)
	at org.testng.SuiteRunnerWorker.runSuite(SuiteRunnerWorker.java:52)
	at org.testng.SuiteRunnerWorker.run(SuiteRunnerWorker.java:86)
	at org.testng.TestNG.runSuitesSequentially(TestNG.java:1224)
	at org.testng.TestNG.runSuitesLocally(TestNG.java:1149)
	at org.testng.TestNG.run(TestNG.java:1057)
	at org.testng.remote.RemoteTestNG.run(RemoteTestNG.java:111)
	at org.testng.remote.RemoteTestNG.initAndRun(RemoteTestNG.java:204)
	at org.testng.remote.RemoteTestNG.main(RemoteTestNG.java:175)
]]>
            </full-stacktrace>
          </exception> <!-- com.ma.qa.exception.NoSuchLocatorException -->
          <reporter-output>
          </reporter-output>
        </test-method> <!-- ActionOnAge2TextCheck -->
        <test-method status="PASS" signature="teardown()[pri:0, instance:com.ma.qa.selenium.demo@2d510b03]" name="teardown" is-config="true" duration-ms="177" started-at="2014-11-04T18:13:45Z" finished-at="2014-11-04T18:13:45Z">
          <reporter-output>
          </reporter-output>
        </test-method> <!-- teardown -->
      </class> <!-- com.ma.qa.selenium.demo -->
    </test> <!-- Default test -->
  </suite> <!-- Default suite -->
</testng-results>
